2018-08-18 08:26:03 INFO  AllGetResponseStatusValidation:29 - Response Time for a Specific Post is less than 400 MiliSeconds. SuccessfullyValidated
2018-08-18 08:26:59 INFO  AllGetResponseStatusValidation:50 - Status Code and Status Line for a Specific Post is validated successfully.
2018-08-18 08:26:59 INFO  AllGetResponseStatusValidation:43 - Status Code and Status Line for a Specific Post is validated successfully.
2018-08-18 08:26:59 INFO  AllGetResponseStatusValidation:72 - Status Code and Status Line for a Specific Post is validated successfully.
2018-08-18 08:26:59 INFO  AllGetResponseStatusValidation:32 - Status Code and Status Line for a Specific Post is validated successfully.
2018-08-18 08:26:59 INFO  AllGetResponseStatusValidation:25 - Status Code and Status Line for a Specific Post is validated successfully.
2018-08-18 08:26:59 INFO  AllGetResponseStatusValidation:61 - Status Code and Status Line for a Specific Post is validated successfully.
2018-08-18 08:38:48 INFO  AllGetResponseStatusValidation:32 - Response Time for a Specific Post is less than 400 MiliSeconds. SuccessfullyValidated
2018-08-18 08:38:48 INFO  AllGetResponseStatusValidation:40 - Response Time for a Specific Post is less than 400 MiliSeconds. SuccessfullyValidated
2018-08-18 17:46:16 INFO  AllGetResponseStatusValidation:61 - Status Code and Status Line for a Specific Post is validated successfully.
2018-08-18 17:46:16 INFO  AllGetResponseStatusValidation:53 - Status Code and Status Line for a Specific Post is validated successfully.
2018-08-18 17:46:16 INFO  AllGetResponseStatusValidation:41 - Response Time of get request of Posts is less than 400 MiliSeconds. SuccessfullyValidated
2018-08-18 17:46:16 INFO  AllGetResponseStatusValidation:33 - Response Time is within limit. SuccessfullyValidated
2018-08-18 18:19:04 INFO  AllGetResponseStatusValidation:61 - Response Time of get request for comments is validated successfully.
2018-08-18 18:19:04 INFO  AllGetResponseStatusValidation:53 - Response Time of get request for a Specific comment is validated successfully.
2018-08-18 18:19:04 INFO  AllGetResponseStatusValidation:85 - Response Time of get request for details is validated successfully.
2018-08-18 18:19:05 INFO  AllGetResponseStatusValidation:73 - Response Time of get request for a Specific Post is validated successfully.
2018-08-18 18:19:05 INFO  AllGetResponseStatusValidation:41 - Response Time of get request of Posts is less than 400 MiliSeconds. SuccessfullyValidated
2018-08-18 18:19:05 INFO  AllGetResponseStatusValidation:33 - Response Time is within limit. SuccessfullyValidated
2018-08-18 18:42:39 INFO  AllGetResponseStatusValidation:61 - Response Time of get request for comments is validated successfully.
2018-08-18 18:42:39 INFO  AllGetResponseStatusValidation:53 - Response Time of get request for a Specific comment is validated successfully.
2018-08-18 18:42:39 INFO  AllGetResponseStatusValidation:85 - Response Time of get request for details is validated successfully.
2018-08-18 18:42:39 INFO  AllGetResponseStatusValidation:73 - Response Time of get request for a Specific Post is validated successfully.
2018-08-18 18:42:39 INFO  AllGetResponseStatusValidation:41 - Response Time of get request of Posts is less than 400 MiliSeconds. SuccessfullyValidated
2018-08-18 18:42:39 INFO  AllGetResponseStatusValidation:33 - Response Time is within limit. SuccessfullyValidated
2018-08-18 19:13:51 INFO  AllGetResponseStatusValidation:47 - Response Time of post comments is within limit. SuccessfullyValidated
2018-08-18 20:25:04 INFO  AllPostResponseStatusValidation:39 - Status Code and Status Line for a Specific Post is validated successfully.
2018-08-18 20:25:53 INFO  AllGetResponseStatusValidation:46 - Response Time of get request for details is validated successfully.
2018-08-18 20:27:09 INFO  AllPostResponseStatusValidation:39 - Status Code and Status Line for a Specific Post is validated successfully.
2018-08-18 20:28:59 INFO  AllGetResponseStatusValidation:34 - Response Time of get request for a Specific Post is validated successfully.
2018-08-18 20:29:41 INFO  AllPostResponseStatusValidation:28 - Status Code and Status Line for a Specific Post is validated successfully.
2018-08-21 22:56:36 INFO  AllGetResponseStatusValidation:51 - id : 23
2018-08-21 22:56:36 INFO  AllGetResponseStatusValidation:54 - id : My Name is Saurabh
2018-08-21 22:56:36 INFO  AllGetResponseStatusValidation:57 - id : Saurabh's book
2018-08-21 22:56:36 INFO  AllGetResponseStatusValidation:60 - id : Saurabh's book
2018-08-21 22:56:36 INFO  AllGetResponseStatusValidation:63 - id : 121.22
2018-08-21 22:56:36 INFO  AllGetResponseStatusValidation:75 - Location Info :
2018-08-21 22:56:36 INFO  AllGetResponseStatusValidation:76 - Country Id : 34
2018-08-21 22:56:36 INFO  AllGetResponseStatusValidation:77 - State Name : Bankower
2018-08-21 22:56:36 INFO  AllGetResponseStatusValidation:78 - country Name : 
2018-08-22 08:14:36 INFO  AllGetResponseStatusValidation:51 - id : 24
2018-08-22 08:14:36 INFO  AllGetResponseStatusValidation:54 - id : My Name is Khan
2018-08-22 08:14:36 INFO  AllGetResponseStatusValidation:57 - id : Saurabh's book
2018-08-22 08:14:36 INFO  AllGetResponseStatusValidation:60 - id : Saurabh's book
2018-08-22 08:14:36 INFO  AllGetResponseStatusValidation:63 - id : 122.22
2018-08-22 08:14:36 INFO  AllGetResponseStatusValidation:75 - Location Info :
2018-08-22 08:14:36 INFO  AllGetResponseStatusValidation:76 - Country Id : 34
2018-08-22 08:14:36 INFO  AllGetResponseStatusValidation:77 - State Name : Bankower
2018-08-22 08:14:36 INFO  AllGetResponseStatusValidation:78 - country Name : 
2018-08-22 08:16:36 INFO  AllPutResponseStatusValidation:25 - Status Code and Status Line for a Specific delete is validated successfully.
2018-08-22 08:24:32 INFO  AllGetResponseStatusValidation:51 - id : 25
2018-08-22 08:24:32 INFO  AllGetResponseStatusValidation:54 - id : My Name is Amir
2018-08-22 08:24:32 INFO  AllGetResponseStatusValidation:57 - id : Saurabh's book
2018-08-22 08:24:32 INFO  AllGetResponseStatusValidation:60 - id : Saurabh's book
2018-08-22 08:24:32 INFO  AllGetResponseStatusValidation:63 - id : 123.22
2018-08-22 08:24:32 INFO  AllGetResponseStatusValidation:75 - Location Info :
2018-08-22 08:24:32 INFO  AllGetResponseStatusValidation:76 - Country Id : 41
2018-08-22 08:24:32 INFO  AllGetResponseStatusValidation:77 - State Name : Bankower
2018-08-22 08:24:32 INFO  AllGetResponseStatusValidation:78 - country Name : 
2018-08-22 08:24:32 INFO  AllGetResponseStatusValidation:101 - Status Code and Status Line for a Specific delete is validated successfully.
2018-08-22 08:27:10 INFO  AllGetResponseStatusValidation:51 - id : 26
2018-08-22 08:27:10 INFO  AllGetResponseStatusValidation:54 - id : My Name is Salman
2018-08-22 08:27:10 INFO  AllGetResponseStatusValidation:57 - id : Saurabh's book
2018-08-22 08:27:10 INFO  AllGetResponseStatusValidation:60 - id : Saurabh's book
2018-08-22 08:27:10 INFO  AllGetResponseStatusValidation:63 - id : 127.22
2018-08-22 08:27:10 INFO  AllGetResponseStatusValidation:75 - Location Info :
2018-08-22 08:27:10 INFO  AllGetResponseStatusValidation:76 - Country Id : 47
2018-08-22 08:27:10 INFO  AllGetResponseStatusValidation:77 - State Name : Bankower
2018-08-22 08:27:10 INFO  AllGetResponseStatusValidation:78 - country Name : 
2018-08-22 08:27:10 INFO  AllGetResponseStatusValidation:101 - Status Code and Status Line for a Specific delete is validated successfully.
2018-08-22 19:44:34 INFO  AllGetResponseStatusValidation:53 - Login id is succesfully validated for Post reqest: 62
2018-08-22 19:44:34 INFO  AllGetResponseStatusValidation:57 - Tittle is succesfully validated for Post reqest: 62
2018-08-22 19:44:34 INFO  AllGetResponseStatusValidation:61 - Author is succesfully validated for Post reqest : Saurabh's book
2018-08-22 19:44:34 INFO  AllGetResponseStatusValidation:65 - Price is succesfully validated for Post reqest: 527.22
2018-08-22 19:44:34 INFO  AllGetResponseStatusValidation:77 - Location Info :
2018-08-22 19:44:34 INFO  AllGetResponseStatusValidation:79 - Country Id is succesfully validated for Post reqest : 44
2018-08-22 19:44:34 INFO  AllGetResponseStatusValidation:81 - State Name is succesfully validated for Post reqest : Bankower
2018-08-22 19:44:34 INFO  AllGetResponseStatusValidation:112 - Login id is succesfully validated for Post reqest: 62
2018-08-22 19:50:28 INFO  AllGetResponseStatusValidation:53 - Login id is succesfully validated for Post reqest: 63
2018-08-22 19:50:28 INFO  AllGetResponseStatusValidation:57 - Tittle is succesfully validated for Post reqest: 63
2018-08-22 19:50:28 INFO  AllGetResponseStatusValidation:61 - Author is succesfully validated for Post reqest : Saurabh's book
2018-08-22 19:50:28 INFO  AllGetResponseStatusValidation:65 - Price is succesfully validated for Post reqest: 427.22
2018-08-22 19:50:28 INFO  AllGetResponseStatusValidation:77 - Location Info :
2018-08-22 19:50:28 INFO  AllGetResponseStatusValidation:79 - Country Id is succesfully validated for Post reqest : 45
2018-08-22 19:50:28 INFO  AllGetResponseStatusValidation:81 - State Name is succesfully validated for Post reqest : Bankower
2018-08-22 19:50:29 INFO  AllGetResponseStatusValidation:112 - Login id is succesfully validated for Post reqest: 63
2018-08-22 19:55:52 INFO  AllGetResponseStatusValidation:53 - Login id is succesfully validated for Post reqest: 66
2018-08-22 19:55:52 INFO  AllGetResponseStatusValidation:57 - Tittle is succesfully validated for Post reqest: 66
2018-08-22 19:55:52 INFO  AllGetResponseStatusValidation:61 - Author is succesfully validated for Post reqest : Saurabh's book
2018-08-22 19:55:52 INFO  AllGetResponseStatusValidation:65 - Price is succesfully validated for Post reqest: 327.22
2018-08-22 19:55:52 INFO  AllGetResponseStatusValidation:77 - Location Info :
2018-08-22 19:55:52 INFO  AllGetResponseStatusValidation:79 - Country Id is succesfully validated for Post reqest : 45
2018-08-22 19:55:52 INFO  AllGetResponseStatusValidation:81 - State Name is succesfully validated for Post reqest : Bankower
2018-08-22 19:55:52 INFO  AllGetResponseStatusValidation:83 - country Name is succesfully validated for Post reqest : India
2018-08-22 19:55:52 INFO  AllGetResponseStatusValidation:112 - Login id is succesfully validated for Post reqest: 66
2018-08-22 19:55:52 INFO  AllGetResponseStatusValidation:119 - Updated country Name is succesfully validated for Post reqest : Canada
2018-08-22 20:38:10 INFO  AllGetResponseStatusValidation:176 - ID 66 does not exist any more.
2018-08-22 20:38:10 INFO  AllGetResponseStatusValidation:176 - ID 66 does not exist any more.
2018-08-22 20:38:10 INFO  AllGetResponseStatusValidation:176 - ID 66 does not exist any more.
2018-08-22 20:38:10 INFO  AllGetResponseStatusValidation:176 - ID 66 does not exist any more.
2018-08-22 20:38:10 INFO  AllGetResponseStatusValidation:176 - ID 66 does not exist any more.
2018-08-22 20:38:10 INFO  AllGetResponseStatusValidation:176 - ID 66 does not exist any more.
2018-08-22 20:38:10 INFO  AllGetResponseStatusValidation:176 - ID 66 does not exist any more.
2018-08-22 20:38:10 INFO  AllGetResponseStatusValidation:176 - ID 66 does not exist any more.
2018-08-22 20:38:10 INFO  AllGetResponseStatusValidation:176 - ID 66 does not exist any more.
2018-08-22 20:38:10 INFO  AllGetResponseStatusValidation:176 - ID 66 does not exist any more.
2018-08-22 20:38:10 INFO  AllGetResponseStatusValidation:176 - ID 66 does not exist any more.
2018-08-22 20:38:10 INFO  AllGetResponseStatusValidation:176 - ID 66 does not exist any more.
2018-08-22 20:38:10 INFO  AllGetResponseStatusValidation:176 - ID 66 does not exist any more.
2018-08-22 20:39:04 INFO  AllGetResponseStatusValidation:176 - ID 66 does not exist any more.
2018-08-22 20:39:04 INFO  AllGetResponseStatusValidation:176 - ID 66 does not exist any more.
2018-08-22 20:39:04 INFO  AllGetResponseStatusValidation:176 - ID 66 does not exist any more.
2018-08-22 20:39:04 INFO  AllGetResponseStatusValidation:176 - ID 66 does not exist any more.
2018-08-22 20:39:04 INFO  AllGetResponseStatusValidation:176 - ID 66 does not exist any more.
2018-08-22 20:39:04 INFO  AllGetResponseStatusValidation:176 - ID 66 does not exist any more.
2018-08-22 20:39:04 INFO  AllGetResponseStatusValidation:176 - ID 66 does not exist any more.
2018-08-22 20:39:04 INFO  AllGetResponseStatusValidation:176 - ID 66 does not exist any more.
2018-08-22 20:39:04 INFO  AllGetResponseStatusValidation:176 - ID 66 does not exist any more.
2018-08-22 20:39:04 INFO  AllGetResponseStatusValidation:176 - ID 66 does not exist any more.
2018-08-22 20:39:04 INFO  AllGetResponseStatusValidation:176 - ID 66 does not exist any more.
2018-08-22 20:39:04 INFO  AllGetResponseStatusValidation:176 - ID 66 does not exist any more.
2018-08-22 20:42:39 INFO  AllGetResponseStatusValidation:179 - ID 66 still exist.
2018-08-22 20:45:12 INFO  AllGetResponseStatusValidation:183 - ID 66 does not exist any more.
2018-08-22 20:47:36 INFO  AllGetResponseStatusValidation:56 - Login id is succesfully validated for Post reqest: 70
2018-08-22 20:47:36 INFO  AllGetResponseStatusValidation:60 - Tittle is succesfully validated for Post reqest: 70
2018-08-22 20:47:36 INFO  AllGetResponseStatusValidation:64 - Author is succesfully validated for Post reqest : Saurabh's book
2018-08-22 20:47:36 INFO  AllGetResponseStatusValidation:68 - Price is succesfully validated for Post reqest: 927.22
2018-08-22 20:47:36 INFO  AllGetResponseStatusValidation:80 - Location Info :
2018-08-22 20:47:36 INFO  AllGetResponseStatusValidation:82 - Country Id is succesfully validated for Post reqest : 45
2018-08-22 20:47:36 INFO  AllGetResponseStatusValidation:84 - State Name is succesfully validated for Post reqest : Bankower
2018-08-22 20:47:36 INFO  AllGetResponseStatusValidation:86 - country Name is succesfully validated for Post reqest : India
2018-08-22 20:47:36 INFO  AllGetResponseStatusValidation:135 - Post of id,70has been deleted succesfully.
2018-08-22 20:47:36 INFO  AllGetResponseStatusValidation:180 - ID 70 does not exist any more.
2018-08-22 20:49:06 INFO  AllGetResponseStatusValidation:56 - Login id is succesfully validated for Post reqest: 888
2018-08-22 20:49:06 INFO  AllGetResponseStatusValidation:60 - Tittle is succesfully validated for Post reqest: 888
2018-08-22 20:49:06 INFO  AllGetResponseStatusValidation:64 - Author is succesfully validated for Post reqest : Saurabh's book
2018-08-22 20:49:06 INFO  AllGetResponseStatusValidation:68 - Price is succesfully validated for Post reqest: 927.22
2018-08-22 20:49:06 INFO  AllGetResponseStatusValidation:80 - Location Info :
2018-08-22 20:49:06 INFO  AllGetResponseStatusValidation:82 - Country Id is succesfully validated for Post reqest : 45
2018-08-22 20:49:06 INFO  AllGetResponseStatusValidation:84 - State Name is succesfully validated for Post reqest : Bankower
2018-08-22 20:49:06 INFO  AllGetResponseStatusValidation:86 - country Name is succesfully validated for Post reqest : India
2018-08-22 20:49:06 INFO  AllGetResponseStatusValidation:135 - Post of id,888has been deleted succesfully.
2018-08-22 20:49:06 INFO  AllGetResponseStatusValidation:180 - ID 888 does not exist any more.
2018-08-22 20:53:47 INFO  AllGetResponseStatusValidation:56 - Login id is succesfully validated for Post reqest: 889
2018-08-22 20:53:47 INFO  AllGetResponseStatusValidation:60 - Tittle is succesfully validated for Post reqest: 889
2018-08-22 20:53:47 INFO  AllGetResponseStatusValidation:64 - Author is succesfully validated for Post reqest : Saurabh's book
2018-08-22 20:53:47 INFO  AllGetResponseStatusValidation:68 - Price is succesfully validated for Post reqest: 27.22
2018-08-22 20:53:47 INFO  AllGetResponseStatusValidation:80 - Location Info :
2018-08-22 20:53:47 INFO  AllGetResponseStatusValidation:82 - Country Id is succesfully validated for Post reqest : 45
2018-08-22 20:53:47 INFO  AllGetResponseStatusValidation:84 - State Name is succesfully validated for Post reqest : Bankower
2018-08-22 20:53:47 INFO  AllGetResponseStatusValidation:86 - country Name is succesfully validated for Post reqest : India
2018-08-22 20:53:47 INFO  AllGetResponseStatusValidation:111 - Login id is succesfully validated for Post reqest: 889
2018-08-22 20:53:47 INFO  AllGetResponseStatusValidation:118 - Updated country Name is succesfully validated for Post reqest : Canada
2018-08-22 20:53:47 INFO  AllGetResponseStatusValidation:135 - Post of id,889has been deleted succesfully.
2018-08-22 20:53:47 INFO  AllGetResponseStatusValidation:162 - ID 889 does not exist any more.
2018-08-22 23:27:07 INFO  AllGetResponseStatusValidation:56 - Login id is succesfully validated for Post reqest: 900
2018-08-22 23:27:07 INFO  AllGetResponseStatusValidation:60 - Tittle is succesfully validated for Post reqest: 900
2018-08-22 23:27:07 INFO  AllGetResponseStatusValidation:64 - Author is succesfully validated for Post reqest : Saurabh's book
2018-08-22 23:27:07 INFO  AllGetResponseStatusValidation:68 - Price is succesfully validated for Post reqest: 127.22
2018-08-22 23:27:07 INFO  AllGetResponseStatusValidation:80 - Location Info :
2018-08-22 23:27:07 INFO  AllGetResponseStatusValidation:82 - Country Id is succesfully validated for Post reqest : 45
2018-08-22 23:27:07 INFO  AllGetResponseStatusValidation:84 - State Name is succesfully validated for Post reqest : Bankower
2018-08-22 23:27:07 INFO  AllGetResponseStatusValidation:86 - country Name is succesfully validated for Post reqest : India
2018-08-22 23:27:07 INFO  AllGetResponseStatusValidation:111 - Login id is succesfully validated for Post reqest: 900
2018-08-22 23:27:07 INFO  AllGetResponseStatusValidation:118 - Updated country Name is succesfully validated for Post reqest : Canada
2018-08-22 23:27:07 INFO  AllGetResponseStatusValidation:135 - Post of id,900has been deleted succesfully.
2018-08-22 23:27:07 INFO  AllGetResponseStatusValidation:162 - ID 900 does not exist any more.
2018-09-27 21:11:37 INFO  AllGetResponseStatusValidation:28 - Cookies of response is validated succesfully.
2019-08-10 19:23:13 INFO  AllGetResponseStatusValidation:50 - Status Code and Status Line for a Specific Post is validated successfully.
2019-08-10 19:23:13 INFO  AllGetResponseStatusValidation:43 - Status Code and Status Line for a Specific Post is validated successfully.
2019-08-10 19:23:13 INFO  AllGetResponseStatusValidation:72 - Status Code and Status Line for a Specific Post is validated successfully.
2019-08-10 19:23:13 INFO  AllGetResponseStatusValidation:32 - Status Code and Status Line for a Specific Post is validated successfully.
2019-08-10 19:23:13 INFO  AllGetResponseStatusValidation:25 - Status Code and Status Line for a Specific Post is validated successfully.
2019-08-10 19:23:13 INFO  AllGetResponseStatusValidation:61 - Status Code and Status Line for a Specific Post is validated successfully.
2019-08-11 14:33:14 INFO  GetRespnceValidations:20 - Authetication is succesfull and status code is: 200
2019-08-11 14:33:48 INFO  AllGetResponseStatusValidation:28 - Cookies of response is validated succesfully.
2019-08-20 15:04:15 INFO  GetRespnceValidations:23 - Authetication is succesfull and status code is: 200
2019-08-20 15:06:50 INFO  AllGetResponseStatusValidation:31 - Json Schema for posts is validated succesfully.
2019-08-20 15:24:24 INFO  AllGetResponseStatusValidation:31 - Json Schema for posts is validated succesfully.
2019-08-20 20:04:28 INFO  AllGetResponseStatusValidation:43 - Status Code and Status Line for a Specific Post is validated successfully.
2019-08-20 20:04:28 INFO  AllGetResponseStatusValidation:32 - Status Code and Status Line for a Specific Post is validated successfully.
2019-08-20 20:04:28 INFO  AllGetResponseStatusValidation:25 - Status Code and Status Line for a Specific Post is validated successfully.
